After 10 rounds the number of empty ground tiles in the minimal box is 3812.
At round 1003 we need to move 0 Elves so we're done.
. . . . . . . . . . . . . . . . . . . . . . . . . . . . # . . . . . . . . . . # . # . . # . . . . . . . . . . . . . . . . . . # . . . . . . . . . . . . . . . . . . . . . . . . . . . . . . . . . . . . . . . . . . . . . . . . . . . . . . . . . . . . . . . . . . . . . . . . . 
. . . . . . . . . . . . . . . . . . . . . . . . . . . . . . # . . . . . . . . . . . . . . . # . . . . . . # . # . . . . . . . . . . . . . . . . . . . . . . . . . . . . . . . . . . . . . . . . . . . . . . . . . . . . . . . . . . . . . . . . . . . . . . . . . . . . . . . . . 
. . . . . . . . . . . . . . . . . . . . . . . . . . . . . . . . . . . # . # . # . . . # . . . . # . . . . . . . . # . # . . . # . # . . . . . . . # . . . . . . . . . . . . . . . . . . . . . . . . . . . . . . . . . . . . . . . . . . . . . . . . . . . . . . . . . . . . . . . 
. . . . . . . . . . . . . . . . . . . . . . . . . . . # . # . . . . . . . . . . . # . . . . . . . . . # . . . . . . . . . . . . . . . . . . . . . . . . . . . . . . . . . . . . . . . . . . . . . . . . . . . . . . . . . . . . . . . . . . . . . . . . . . . . . . . . . . . . . 
. . . . . . . . . . . . . . . . . . . . . . . . . . . . . . . # . # . # . . # . . . . . . # . . . # . . . # . # . # . # . . . # . . # . . . . # . . . # . # . . . . # . . . . . . . . . . . . . . . . . . . . . . . . . . . . . . . . . . . . . . . . . . . . . . . . . . . . . . 
. . . . . . . . . . . . . . . . . . # . . . . # . # . . . . . . . . . . . . . . # . . # . . . . . . . . . . . . . . . . . # . . . . . . . . . . . # . . . . . . . . . . . . . . . . . . . . . . . . . . . . . . . . . . . . . . . . . . . . . . . . . . . . . . . . . . . . . . . 
. . . . . . . . . . . . . . . . . . . . # . . . . . . . . . . . # . . . . # . . . . . . . # . . . . . . # . . . . . # . . . . . . . # . . # . . . . . . # . . . . # . # . . . . . . . . . . . . . . . . . . . . . . . . . . . . . . . . . . . . . . . . . . . . . . . . . . . . . 
. . . . . . . . . . . . . . . . . # . . . . . . # . . . # . # . . . . . . . . . . . . # . . . . # . # . . . # . # . . . . . # . . . . . . . . . . . . . . . . . . . . . . . # . . . . . . . . . . . . . . . . . . . . . . . . . . . . . . . . . . . . . . . . . . . . . . . . . . 
. . . . . . . . . . # . . . . . . . . # . # . . . . # . . . . . # . # . # . . # . . . . . # . . . . . . # . . . . . . . # . . . . # . # . # . # . # . # . . . # . # . . # . . . . . . . . . . . . . . . . . . . . . . . . . . . . . . . . . . . . . . . . . . . . . . . . . . . . 
. . . . . . . . . . . . # . . # . . . . . . . # . . . . . # . . . . . . . . . . . . . # . . . # . . # . . . # . . # . . . . # . . . . . . . . . . . . . . . . . . . . . . . . # . # . . . . . . . . . . . . . . . . . . . . . . . . . . . . . . . . . . . . . . . . . . . . . . . 
. . . . . . . . . # . . . . . . . # . . . . . . . # . # . . . . # . # . # . # . # . . . . # . . . . . . . . . . . . . # . . . . . # . # . # . . # . # . . # . # . # . . # . . . . . . . . . . . . . . . . . . . . . . . . . . . . . . . . . . . . . . . . . . . . . . . . . . . . 
. . . . . . . . . . . . . . . # . . . # . # . . . . . . . . # . . . . . . . . . . . # . . . . . # . . # . . # . . . . . . # . # . . . . . . . . . . . . . . . . . . . . . . # . . . . . # . . . . . . . . . . . . . . . . . . . . . . . . . . . . . . . . . . . . . . . . . . . . 
. . . . . . . . . . . # . # . . . . . . . . . . # . . . . . . . # . . . . . # . # . . . . . # . . . . . . . . . . . # . . . . . . # . . . # . # . # . # . # . . # . # . # . . . . . # . . . . . # . . . . . . . . . . . . . . . . . . . . . . . . . . . . . . . . . . . . . . . . 
. . . . . . . . . . . . . . . # . . . # . . # . . . . . # . # . . . # . . . . . . . . # . . . . # . # . # . # . # . . . . . # . . . . . . . . . . . . . . . . . . . . . . . . # . . . . # . . . . . . . . . . . . . . . . . . . . . . . . . . . . . . . . . . . . . . . . . . . . 
. . . . . . # . . # . # . # . . . . . . . . . . . # . . . . . . . . . . # . # . # . . . . . . . . . . . . . . . . . . . # . . . # . # . . . . # . . . . # . # . # . . . # . . . . . . . . . # . . . . . . . . . . . . . . . . . . . . . . . . . . . . . . . . . . . . . . . . . . 
. . . . . . . . . . . . . . . . . # . # . . . # . . . . # . . # . . . . . . . . . . . . # . # . . . . . . # . . # . . . . . # . . . . . # . . . . . # . . . . . . . . . . . . # . # . . . . . . . . # . . . . . . . . . . . . . . . . . . . . . . . . . . . . . . . . . . . . . . 
. . . . . # . . # . . . . . . # . . . . . . . . . # . . . . . . . . # . . . # . . . . . . . . . . # . # . . . . . . # . # . . . # . # . . . # . # . . . # . # . # . # . # . . . . . . # . # . # . . . . . . . . . . . . . . . . . . . . . . . . . . . . . . . . . . . . . . . . . 
. . . . . . . . . . . . # . . . . # . . # . . # . . . # . # . . . . . . . . . . . # . . . . # . . . . . . # . . . . . . . . # . . . . . . . . . . . . . . . . . . . . . . . . # . # . . . . . . . . . # . . . . . . . . . . . . . . . . . . . . . . . . . . . . . . . . . . . . . 
. . . . # . . . . # . . . . # . . . . . . . . . . # . . . . . . . . # . . # . # . . . . # . . . . # . . . . . # . . . . # . . . # . . # . # . . # . # . # . # . . . # . . # . . . . . # . . # . . . . . . . # . . . . . . . . . . . . . . . . . . . . . . . . . . . . . . . . . . 
. . . . . . . . . . . # . . . . . # . # . . . . . . . # . . # . # . . . . . . . . . # . . . . # . . . # . # . . . # . . . . . . . . . . . . . . . . . . . . . . . . . . . . . # . . . . . . . . # . # . # . . . . . . . . . . . . . . . . . . . . . . . . . . . . . . . . . . . . 
. . . . . . # . # . . . . . . . . . . . . . # . . . . . . . . . . . . # . . . # . . . . . . . . . . . . . . . # . . . . . . . . # . . # . # . . . . . # . . . # . # . # . # . . . . . # . . . . . . . . . . # . . . . . . . . . . . . . . . . . . . . . . . . . . . . . . . . . . 
. . . . . . . . . . . # . # . . # . . . # . . . . # . # . # . # . . . . . # . . . # . # . # . # . . . . . # . . . . . . . # . . . . . . . . . . . # . . . . . . . . . . . . . . # . . . . . . . # . # . # . . . . . . . . . . . . . . . . . . . . . . . . . . . . . . . . . . . . 
. . . . . # . # . # . . . . . . . . # . . . . . . . . . . . . . . . . # . . . # . . . . . . . . . . # . . . . . . # . . . . . # . # . . # . # . . . . # . # . . # . # . # . . . . . . # . . . . . . . . . . . # . # . . . . . . . . . . . . . . . . . . . . . . . . . . . . . . . 
. . . . . . . . . . . . . # . # . . . . . # . . . # . . . # . . . # . . . # . . . . . # . . . . # . . . . # . . . . . # . . . . . . . . . . . . . # . . . . . . . . . . . . . # . # . . . . . . # . . # . # . . . . . . . . . . . . . . . . . . . . . . . . . . . . . . . . . . . 
. . # . # . . # . . . . . . . . . . . . . . . # . . . # . . . . . . . # . . . . . # . . . # . . . . . # . . . . # . . . . # . . . # . # . # . . . . . # . . . # . # . # . # . . . . . # . . . . . . . . . . . . . # . . . . . . . . . . . . . . . . . . . . . . . . . . . . . . . 
. . . . . . . . . . . # . # . # . # . # . . . . . # . . . . . # . . . . . . . # . . . # . . . . # . . . . # . . . . . . . . . # . . . . . . . . . # . . . # . . . . . . . . . # . # . . . . # . . . . . # . . # . . . . . . . . . . . . . . . . . . . . . . . . . . . . . . . . . 
. . . . . # . . . # . . . . . . . . . . . # . . . . . . # . . . . # . # . # . . . . . . . # . . . . . # . . . . # . # . . # . . . . . . . . # . . . . . . . . # . . . # . # . . . . . . # . . . . . . . . . . . . # . # . . . . . . . . . . . . . . . . . . . . . . . . . . . . . 
. . # . . . . # . . . # . . . # . # . # . . . # . . . . . . . # . . . . . . . . # . # . . . . # . . . . . # . . . . . . . . . . # . # . . . . . # . . # . # . . . . . . . . . . . # . . . . # . # . . # . # . . . . . . . . . . . . . . . . . . . . . . . . . . . . . . . . . . . 
. . . . . . . . . # . . . # . . . . . . . . . . . # . # . # . . . . # . . # . . . . . . . . . . . . # . . . . . # . # . . # . . . . . . . . . . . . . . . . . # . # . . # . . # . . . # . . . . . . . . . . . # . . # . . # . . . . . . . . . . . . . . . . . . . . . . . . . . . 
. . # . . # . . . . . . . . . . # . . . . # . . . . . . . . . # . . . . . . . . # . . . # . . # . . . . . # . . . . . . . . . . . # . . # . # . . . # . . . . . . . . . . . . . . . . . . . # . # . . # . # . . . . . . . . . . . . . . . . . . . . . . . . . . . . . . . . . . . 
. . . . . . . . # . # . . . . . . . # . . . . . # . . # . . . . . # . . . . # . . . # . . . . . . # . . . . . # . # . # . # . . . . . . . . . . # . . . . . . # . . # . # . # . . . # . . . . . . . . . . . . # . . . . # . # . . . . . . . . . . . . . . . . . . . . . . . . . . 
. . . . . # . . . . . . # . # . # . . . # . # . . . . . . . # . . . . . . . . . . . . . . # . # . . . # . # . . . . . . . . . . . # . # . . # . . . # . # . . . . . . . . . . . . . . . # . . . # . # . # . . . . # . . . . . . . . . . . . . . . . . . . . . . . . . . . . . . . 
. . . # . . . . . . # . . . . . . . . . . . . . . . # . # . . . # . # . # . # . . # . # . . . . . . . . . . . # . # . # . . # . . . . . . . . . # . . . . . . . . # . . . # . . # . # . . . . . . . . . . . . # . . . . . . . # . . . . . . . . . . . . . . . . . . . . . . . . . 
. . . . . . # . # . . . # . . . . . # . . . # . . . . . . . . . . . . . . . . . . . . . . . # . # . # . . . . . . . . . . . . . . . . # . . . . . . # . # . # . . . . # . . . . . . . . . . # . . # . . # . . . . . # . # . . . . . . . . . . . . . . . . . . . . . . . . . . . . 
. . # . # . . . . . . . . . # . . . . . # . . . # . . # . . . # . # . . . . # . . . . # . . . . . . . . . . . . . . . # . # . # . # . . . # . # . . . . . . . . . . . . . # . # . # . # . . . . . . . . . . # . # . . . . . . . . # . . . . . . . . . . . . . . . . . . . . . . . 
. . . . . . . . # . # . . . . . # . # . . . . . . . . . . # . . . . . . # . . . # . . . . . . . . # . # . # . . # . . . . . . . . . . # . . . . . # . # . . . # . # . # . . . . . . . . . . # . . # . . . . . . . . # . . . . # . . . . . . . . . . . . . . . . . . . . . . . . . 
# . . # . . . . . . . . . # . . . . . . . # . # . # . # . . . # . . # . . . # . . . . # . # . . . . . . . . . . . . . . . . . . # . . . . # . . . . . . . . . . . . . . . # . . . # . # . . . . . . . . . . # . . . . . # . . . . . . . . . . . . . . . . . . . . . . . . . . . . 
. . . . . . # . . # . # . . . . . . . # . . . . . . . . . . . . . . . . . . . . . # . . . . . # . . . # . # . # . # . . # . # . . . . # . . . . # . . # . # . . . . . . . . . # . . . . . . # . . # . # . . . . # . . . . . . # . # . . . . . . . . . . . . . . . . . . . . . . . 
# . . # . . . . . . . . . . # . . # . . . # . . # . . . # . . # . # . # . . . # . . . . . # . . . # . . . . . . . . . . . . . . . . . . . . # . . . . . . . . . # . # . # . . . . . . . # . . . . . . . . # . . . . . # . . . . . . . . # . . . . . . . . . . . . . . . . . . . . 
. . . . . . . # . . # . . . . . . . . # . . . . . . # . . . . . . . . . . # . . . . # . . . . # . . . # . . . # . # . # . # . . . . # . # . . . . # . # . . # . . . . . . . # . # . # . . . . # . . . # . . . . # . . . . . # . . # . . . . . . . . . . . . . . . . . . . . . . . 
. . . # . . . . . . . . . # . . . # . . . . . # . . . . # . # . # . # . . . . . # . . . # . . . . . . . . # . . . . . . . . . . . . . . . . . # . . . . . . . . . . . . . . . . . . . . # . . . . # . . . . # . . . . . . . . . . . . # . . . . . . . . . . . . . . . . . . . . . 
. . . . . . # . # . . # . . . . . . . # . . . . . . # . . . . . . . . . . . . . . . # . . . . # . . . # . . . # . . # . . # . # . # . . . . . . . # . . # . # . # . # . . . # . . # . . . . . # . . . . # . . . . # . # . . . . # . . . . . # . . . . . . . . . . . . . . . . . . 
. . # . # . . . . . . . . . . # . # . . . . # . . . . . # . . . . . . # . . # . . . . . . # . . . . . . . . . . . . . . . . . . . . . # . # . # . . . . . . . . . . . . # . . . . . . . . # . . . . . . . . . # . . . . . . . . . . . # . . . . . . . . . . . . . . . . . . . . . 
. . . . . . . # . . . . . # . . . . . . # . . . # . . . . . # . . # . . . . . . # . . # . . . . . # . . # . # . . . # . # . # . # . . . . . . . . # . # . # . # . . # . . . . # . # . # . . . . . # . . . . . . . # . # . . # . # . . . . . . . . . . . . . . . . . . . . . . . . 
. . . # . . . . . . . # . . . . # . # . . . . . . . # . . . . . . . . # . . . . . . . . . . # . . . . . . . . . . . . . . . . . . . . # . # . . . . . . . . . . . . . . . . . . . . . . . # . . . . . # . # . # . . . . . . . . . . # . . . # . . . . . . . . . . . . . . . . . . 
. . . . . # . # . # . . . . . . . . . . . # . # . . . . . . # . . # . . . . . . . . # . # . . . # . # . . . # . # . # . . . . . . # . . . . . . . # . . # . . # . . . # . # . . # . # . . . . . # . . . . . . . . . . . # . . . # . . . # . . . . . . . . . . . . . . . . . . . . 
# . . # . . . . . . . . . # . # . # . # . . . . . . # . # . . . . . . # . # . . # . . . . . . . . . . . # . . . . . . . . . . # . . . . # . # . . . . . . . . . . # . . . . . . . . . . . . . . . . . . . . . . # . # . . . # . . . . . . . . # . . . . . . . . . . . . . . . . . 
. . . . . . # . # . . # . . . . . . . . . . # . # . . . . . # . # . . . . . . . . . . . . # . . . # . . . . . # . . # . . # . . . . . . . . . . # . . . # . . . . . . . # . # . . # . # . # . # . # . # . . # . . . . . # . . . . . # . # . . . . . . . . . . . . . . . . . . . . 
. . # . # . . . . . . . . . . # . . # . # . . . . . # . . . . . . . # . . . . # . . . . . . . # . . . . . # . . . . . . . . . . . . # . # . # . . . . . . . . # . . . . . . . . . . . . . . . . . . . . . . . . # . # . . . # . . . . . . . . . # . # . . . . . . . . . . . . . . 
. . . . . . . . . # . # . # . . . . . . . . . . . . . . . # . . . . . . . # . . . # . . # . . . . # . # . . . . # . # . # . # . # . . . . . . . # . # . . . . . . # . # . # . # . . # . . . . . # . # . # . . . . . . . . . . . . # . . . . # . . . . . . . . . . . . . . . . . . 
. . . # . . . # . . . . . . . # . # . # . . . # . . . # . . . # . . . # . . . . . . . . . . . # . . . . . . . . . . . . . . . . . . # . # . # . . . . . . # . . . . . . . . . . . . . . # . . . . . . . . . . . # . # . # . . . . . . . . . . . # . . . # . . . . . . . . . . . . 
. . . . . # . . . . . # . . . . . . . . . . . . . # . . . # . . . # . . . # . . . . # . . . . . . . . # . # . . . . # . . . . # . . . . . . . . . # . # . . . . . . . . . . . # . # . . . . . # . # . # . . # . . . . . . . # . . . # . # . # . . . . . . . . . . . . . . . . . . 
. # . . . . . . . # . . . # . # . . . . . # . . . . . . . . . . . . . # . . . # . . . . # . . # . # . . . . . . . . . . . # . . . # . # . . # . . . . . . . . . # . # . # . . . . . . . . . . . . . . . . . . . . . # . # . . . . . . . . . . . # . . . . . . . . . . . . . . . . 
. . . # . . . # . . . # . . . . . . . # . . . . . . . . . . . # . . . . . . . . . . # . . . . . . . . # . # . . # . . # . . . . . . . . . . . . . . . . # . # . . . . . . . . . # . # . . # . . # . . # . . . # . . . . . . # . . # . # . . # . . . . # . . . . . . . . . . . . . 
. . . . . # . . . . . . . # . . # . . . . # . . . # . # . # . . . . # . # . # . # . . . . . # . . # . . . . . . . . . . . . . . # . # . . # . . . . # . . . . . # . . # . . # . . . . . . . . . . . . . . # . . . . . . # . . . . . . . . . . . . # . . . # . . . . . . . . . . . 
. . # . . . . # . . . # . . . . . . . # . . . . . . . . . . . . # . . . . . . . . . . . # . . . . . . # . . # . . # . # . . # . . . . . . . . # . . . . . # . . . . . . . . . . . # . # . # . # . . . . . . . # . . # . . . . # . # . # . . . . . . . # . . . . . . . . . . . . . 
# . . . . . . . . # . . . . . # . . . . . # . # . # . . . . . . . . . . . . # . # . # . . . # . # . . . . . . . . . . . . . . . . . . . # . . . . . # . . . . # . . # . . # . . . . . . . . . . . . # . . . . . . . . . . # . . . . . . . . . . # . . . . . # . . . . . . . . . . 
. . . # . . . # . . . . # . . . . # . . . . . . . . . . # . # . . # . # . . . . . . . . # . . . . . . . # . . # . # . . . # . . # . # . . . # . # . . . . # . . . . . . . . . # . . . # . . . . # . . . # . # . # . # . . . . # . # . # . # . . . . # . # . . . . . . . . . . . . 
. . . . . . . . . . . . . . . # . . . # . # . # . . . . . . . . . . . . . # . . . . . . . . . # . # . . . . . . . . . . . . . . . . . . # . . . . . # . . . . . # . . # . . . . . . . . . . . . . . . . . . . . . . . . . . . . . . . . . . . # . . . . . . . # . . . . . . . . . 
. . # . . # . . # . # . . # . . . # . . . . . . . . . # . # . # . # . . . . . . . # . . . # . . . . . # . # . # . . # . . . . # . # . . . . . . # . . . # . # . . . . . . . . # . # . # . . # . # . # . # . . . # . # . . # . . . . . # . . . . . . # . . . . . . # . . . . . . . 
. . . . . . . . . . . . . . . . . . . . . # . . # . . . . . . . . . . # . . # . . . . # . . . . . # . . . . . . . . . . . # . . . . . . # . # . . . . . . . . . # . # . # . . . . . . . . . . . . . . . . . . . . . . . . . . # . . . . . # . . # . . . . . # . . . . . . . . . . 
. . # . # . # . # . # . # . . # . . # . . . . . . . . # . # . # . # . . . . . . . # . . . . . . . . . # . . . # . . # . . . . . # . # . . . . . . . # . . # . . . . . . . . . . # . . # . # . . # . # . # . . # . # . . . # . . . # . . . . . . . . . . # . . . # . . . . . . . . 
. . . . . . . . . . . . . . . . . . . . . . . # . # . . . . . . . . . . . # . # . . . . . . # . # . . . . . . . . . . . . # . . . . . . # . . . # . . . . . . # . . # . . . . . . . . . . . . . . . . . . . . . . . . # . . . . . . . # . # . . . . . . . . . . . . . . . . . . . 
. . . . # . # . # . # . . . # . # . . . . # . . . . . # . . # . # . # . . . . . . . # . # . . . . . . # . . . # . # . . . . . . . . # . . . . . . . # . # . . . . . . . # . # . . # . . # . # . . . . # . # . # . . . . . . . . . . . . . . . . . . # . . . . # . . . . . . . . . 
. . # . . . . . . . . . . . . . . . . . . . . # . . . . . . . . . . . . . . . . . . . . . . . # . . . . . . . . . . . . # . # . # . . . # . # . # . . . . . . . # . . . . . . . . . . . . . . . # . . . . . . . . # . . . # . . # . # . # . # . # . . . . # . . . . . . . . . . . 
. . . . . . # . # . . # . . . # . . . # . . . . . . # . # . . . # . # . # . # . # . # . # . . . . . # . # . # . . . . . . . . . . . . . . . . . . . # . . . . . . . # . . # . # . # . . . . . . . . # . . . # . . . . # . . . . . . . . . . . . . . # . . . . # . . # . . . . . . 
. . . . . . . . . . . . . # . . . . . . . # . # . . . . . . # . . . . . . . . . . . . . . . . . # . . . . . . . # . # . # . # . # . . # . . # . # . . . . # . # . . . . . . . . . . . # . . # . . . . . # . . . # . . . . . # . . . . . # . . . . . . . # . . . . . . . . . . . . 
. . . # . # . # . . . . . . . # . . # . . . . . . . # . . . . . # . # . # . . . # . # . # . # . . . . . . . # . . . . . . . . . . . . . . . . . . . # . . . . . . # . # . # . # . . . . . . . . # . # . . . # . . . . # . . . . # . # . . . # . # . # . . . # . # . # . . . . . . 
. . . . . . . . . . # . # . . . . . . . # . . . # . . . . . . . . . . . . . # . . . . . . . . . . . . # . . . . . . # . . . . . . . . . . # . # . . . . . # . # . . . . . . . . . . # . # . . . . . . . . . . . . # . . . . # . . . . . # . . . . . . . # . . . . . . . . . . . . 
. . # . . . # . . . . . . . . # . . . . . . . . . . # . . # . . . . # . # . . . . . # . # . . . # . . . . # . # . . . . . # . # . # . # . . . . . # . . . . . . . . # . . . # . # . . . . . . # . . # . # . . . . . . # . . . . . . # . . . # . . . . . . . . # . . # . . . . . . 
. . . . . . . . # . . . # . . . . . . . # . # . . . . . . . . . # . . . . . # . # . . . . . # . . . # . . . . . . . # . . . . . . . . . . . . . . . . . . . # . # . . . # . . . . . # . . # . . . . . . . . # . . # . . . # . . # . . . # . . . . # . . # . . . . . . . . . . . . 
. . . . # . . . . . # . . . # . . . # . . . . . . . # . . # . . . . # . # . . . . . # . . . . . # . . . . . . # . . . . # . # . . . . . . # . # . . # . # . . . . . . . . . # . . . . . . . . . # . # . . . . . . . . . . . . . . . . . . . . # . . . . . . # . . . . . # . . . . 
. . # . . . # . # . . . # . . . . . . . # . . . # . . . . . . # . . . . . . . # . . . . # . # . . . # . . # . . . . # . . . . . . . # . . . . . . . . . . . # . # . # . . . . . # . # . # . . . . . . . . . # . . . # . . # . . . . # . # . . . . # . . # . . . # . . . . . . . . 
. . . . . . . . . . # . . . # . # . . . . . # . . . . . . # . . . # . . # . . . . . . . . . . . . . . . . . . . # . . . . # . # . . . . . . # . # . # . . . . . . . . . # . # . . . . . . . . # . . . . # . . . # . . . . . . . . . . . . . # . . . . . . . # . . . # . . . . . . 
. . . . . . . . . . . . # . . . . . # . # . . . # . . # . . . . . . . . . . . # . # . . # . # . # . . . . . # . . . # . . . . . . . # . # . . . . . . . # . . # . # . . . . . . . # . . # . . . . # . . . . # . . . . # . . . # . # . . # . . . . # . . . . . . # . . . . . . . . 
. . . . # . . . # . . . . . # . # . . . . . . . . . . . . # . . . . # . # . . . . . . . . . . . . . . . . . . . # . . . . # . # . . . . . . . # . # . . . . . . . . . # . # . # . . . . . . . # . . . # . . . . . # . . . # . . . . . . . . # . . . . # . # . . . . # . . . . . . 
. . . . . . # . . . # . . . . . . . # . # . . # . # . . . . . # . . . . . . . . # . . . . . . # . . # . . . . . . . . . . . . . . # . # . # . . . . . # . . # . . . . . . . . . . # . # . # . . . . . . . # . . . . . # . . . . . . . # . . . . . # . . . . . . # . . . . # . . . 
. . . . . . . . # . . . # . # . # . . . . . . . . . . . . # . . . . . # . # . . . . # . . # . . . . . . . # . # . # . # . . . . . . . . . . . . . # . . . . . . # . # . . . . # . . . . . . . . . # . . . . . # . . . . . . . # . # . . . . # . . . . . # . . . . . . # . . . . . 
. . . . . . # . . . # . . . . . . . # . # . # . # . # . . . . . . # . . . . . . . . . . . . . . . # . # . . . . . . . . . . # . . # . . # . . . . . . # . . . . . . . . . # . . . # . . . . . # . . . . # . . . . . # . # . . . . . . # . . . . # . # . . . . # . . . . . # . . . 
. . . . . . . . # . . . . . # . . . . . . . . . . . . . . # . . . . . . . # . . # . . # . # . . . . . . . . # . # . # . # . . . . . . . . . . # . . . . . . . # . # . . . . . . . . . . # . . . . . . . . . # . . . . . . . # . # . . . . . . . . . . . . . . . . # . . . . . . . 
. . . . . . # . . . . . # . . . . # . # . # . . . # . # . . . . # . . # . . . . . . . . . . . . . . . # . . . . . . . . . . # . # . . . . . . . . . # . # . . . . . . . . . # . # . . . . . . . # . # . . . . . # . . # . . . . . . . # . # . # . # . # . . . # . . . # . . . . . 
. . . . . . . . . . # . . . # . . . . . . . . # . . . . . # . . . . . . . . # . # . # . # . # . . . . . . . # . . # . # . . . . . . # . # . . # . . . . . . # . . # . . # . . . . . # . . # . . . . . . # . # . . . . . . . # . # . . . . . . . . . . . . . . . . # . . . # . . . 
. . . . . . . . . . . . # . . . # . # . # . . . . # . . . . . . # . . # . . . . . . . . . . . . # . # . # . . . . . . . . # . # . . . . . . . . . # . . # . . . . . . . . . . . . . . . . . . . # . # . . . . . . . . . . . . . . . # . . # . . . # . # . . # . . . . # . . . # . 
. . . . . . # . . . # . . . # . . . . . . . . . . . . . # . # . . . . . . # . # . # . # . # . . . . . . . . # . . . . . . . . . . . # . . . . # . . . . . . . # . . . . . # . # . # . # . . # . . . . . # . # . . . # . # . . # . . . . . . . # . . . . . . . . . . . . . . . . . 
. . . . . . . . . . . . . . . . . . # . # . # . # . . . . . . . # . . . . . . . . . . . . . . # . # . # . . . . # . # . # . . . # . . . . # . . . # . # . # . . . # . . . . . . . . . . . . . . . # . . . . . . . . . . . . . . . # . . . # . . . . . # . . # . . # . # . . . . . 
. . . . . . . . # . . # . . . . . . . . . . . . . . # . # . # . . . . . # . . . . . . # . . . . . . . . . . . . . . . . . . # . . . . . . . . # . . . . . . . # . . . # . # . . . # . . # . . . . . . . # . # . # . # . # . . . . . . # . . . . . # . . . . . . . . . . . # . # . 
. . . . . . # . . . . . . . . . # . . . # . . # . . . . . . . . # . . . . . . . # . . . . # . # . # . . . # . . # . . . . . . . # . . # . . . . . # . . . . . . . . . . . . . . . . . . . . # . # . # . . . . . . . . . . . . # . . . . . . # . . . . . . # . # . . # . . . . . . 
. . . . . . . . # . # . . . # . . . # . . . . . . . # . . # . . . . . # . # . . . . . . . . . . . . . . . . . . . . . # . # . . . . . . . . # . . . . . # . # . # . . # . . # . . . . # . . . . . . . . . . . . . . . . . . . . . . . . # . . . . . . # . . . . . . . . # . # . . 
. . . . . . . . . . . . # . . . . . . . # . # . . . . . . . . # . # . . . . . # . # . # . . # . . # . # . . # . # . . . . . . . # . . . # . . . . . . . . . . . . . . . . . . . . # . . . # . . # . # . . # . # . # . # . # . # . # . . . . . . # . . . . # . # . # . . . . . . . 
. . . . . . . . . # . . . . . # . . # . . . . . . # . # . . . . . . . . # . . . . . . . . . . . . . . . . . . . . . . # . # . . . . . . . . # . # . # . . . . # . . . . # . . # . . . # . . . . . . . . . . . . . . . . . . . . . . . . # . # . . . . . . . . . . . . . . . . # . 
. . . . . . . . . . . # . . . . . . . . . # . . . . . . . . . # . . # . . . . # . # . # . . # . . # . # . . . # . . . . . . . . # . . . . . . . . . . . # . . . . . # . . . . . . # . . . # . # . . # . . # . # . . # . . . . . # . . . . . . . . # . . # . # . . . # . # . . . . 
. . . . . . . . . . . . . . # . . # . # . . . # . # . . . # . . . . . . . # . . . . . . . . . . . . . . . # . . . # . # . . # . . . . # . # . . . # . . . . # . . . . . . # . . . . . # . . . . . . . . . . . . . . . . . . # . . . # . . # . . . . . . . . . . # . . . . . . . . 
. . . . . . . . . . . . . . . . . . . . . # . . . . . # . . . . . # . # . . . . # . # . . . # . # . . . . . . # . . . . . . . . # . . . . . . . . . . . # . . . # . # . . . . # . . . . . . # . # . # . # . . # . # . # . . . . . . . . . . . # . # . # . # . . . . . # . # . . . 
. . . . . . . . . . . . . . . . . . . . . . . # . . . . . # . # . . . . . . # . . . . . . . . . . . # . # . . . . . # . # . . . . . . . . . . # . . . . . . # . . . . . . # . . . # . . # . . . . . . . . . . . . . . . . . . # . # . . . . . . . . . . . . . # . . . . . . . . . 
. . . . . . . . . . . # . . . . # . # . . . . . . # . . . . . . . . . . # . . . . # . # . # . # . . . . . . # . # . . . . . . # . # . . . # . . . # . . # . . . # . . # . . . . . . . . . . . . # . . . # . # . . # . # . . . . . . . . . . . . . # . . # . . . . . . . . . # . . 
. . . . . . . . . . . . . # . . . . . . . # . # . . . . # . . . . # . . . . . . . . . . . . . . . . . # . . . . . . . # . # . . . . . # . . . # . . . . . . # . . . . . . . . # . # . . . # . . . . # . . . . . . . . . . . . # . . . # . # . # . . . . . . . # . # . # . . . . . 
. . . . . . . . . . . . . . . . # . . . . . . . . . # . . . . # . . . # . # . # . # . # . . . . . # . . . . # . . # . . . . . # . # . . . # . . . . . . . . . . # . # . . # . . . . . # . . . . . . . . # . # . . # . . # . . . . # . . . . . . . # . # . . . . . . . . . # . . # 
. . . . . . . . . . . . # . . . . . # . # . # . . . . . . # . . . . . . . . . . . . . . . . . # . . . . . . . . . . . # . . . . . . . . . . . . # . # . # . # . . . . . . . . . . . . . . . . # . . . . . . . . . . . . . . # . . . . # . # . . . . . . . . . # . # . . . . . . . 
. . . . . . . . . . . . . . . . . . . . . . . . # . # . . . . . . . . . # . . . . . . . . # . . . . . . . # . # . # . . . . . # . # . . . . . . . . . . . . . . . # . # . # . . . # . # . . . . . # . . . # . . # . . # . . . . . . . . . . . # . # . . # . . . . . . # . # . # . 
. . . . . . . . . . . . . . . . . # . # . # . . . . . . # . # . # . . . . . # . . . . # . . . # . . # . . . . . . . . # . # . . . . . . # . # . . # . . # . . # . . . . . . . . . . . . . # . . . . . . . . . . . . . . . # . . . # . . # . . . . . . . . . . . . . . . . . . . . 
. . . . . . . . . . . . . . . . . . . . . . . # . # . . . . . . . . # . # . . . . # . . . . . . . . . . . # . # . # . . . . . . # . # . . . . . . . . . . . . . . . . . # . # . # . . # . . . # . . . # . # . . . # . . . . . # . . . . . . # . # . # . . # . # . # . # . . . . . 
. . . . . . . . . . . . . . . . . # . . . . . . . . . . . # . . # . . . . . . # . . . # . . . . # . # . . . . . . . . . . . # . . . . . . # . # . . . # . . # . # . # . . . . . . . . . . # . . . . . . . . . . . . . # . . . . . . # . # . . . . . . . . . . . . . . . . . # . . 
. . . . . . . . . . . . . . . . . . . . . . . # . # . # . . . . . . . . . . . . . . . . . . . . . . . . # . # . # . . # . . . . # . . . . . . . . # . . . . . . . . . . . # . . . # . # . . . # . # . . # . . . . . . . . . # . # . . . . . . # . # . # . # . . . # . . . . . . . 
. . . . . . . . . . . . . . . . . . . . . # . . . . . . . . # . # . # . # . . . . . # . # . # . # . # . . . . . . . . . . . # . . . . # . . . # . . . # . . # . . . # . . . . # . . . . . . . . . . . . . . # . . . # . # . . . . . . # . # . . . . . . . . . # . . . . # . . . . 
. . . . . . . . . . . . . . . . . . . . . . . . . . . . . . . . . . . . . . . . # . . . . . . . . . . . . # . # . . . . # . . . # . . . . . . . . # . . . . . . . . . . . . . . . # . # . # . # . # . # . . . . . . . . . . . # . # . . . . . # . # . . . # . . . . . . . . . . . 
. . . . . . . . . . . . . . . . . . . . . . . . . . . # . # . # . # . # . . # . . . . . . . . . # . . # . . . . . . # . . . . . . . . . # . . . . . . # . # . . # . # . # . # . . . . . . . . . . . . . . # . # . . . # . . . . . . . . . . . . . . . # . . . . . # . # . # . . . 
. . . . . . . . . . . . . . . . . . . . . . . . . . . . . . . . . . . . . . . . . . # . # . # . . . . . . # . . . . . . # . # . # . . . . . # . . . . . . . . . . . . . . . . . . # . . . # . # . . . . . . . . . . . . . # . # . . . . # . . . . # . . . . . # . . . . . . . . . 
. . . . . . . . . . . . . . . . . . . . . . . . . # . . . # . . # . # . . . . . . . . . . . . . . . . . . . . # . . . . . . . . . . # . # . . . . # . # . # . # . # . # . # . # . . . . . . . . . . # . . # . # . . . . . . . . . . # . . . . # . . . . # . . . . . # . . . . . . 
. . . . . . . . . . . . . . . . . . . . . . . . . . . . . . . . . . . . . # . # . # . # . . . # . # . # . # . . . # . . . # . # . . . . . . # . . . . . . . . . . . . . . . . . . . # . # . . . # . . . . . . . . . . . # . . # . . . . . # . . . # . . . . . . # . . . . . . . . 
. . . . . . . . . . . . . . . . . . . . . . . . . . . . . . . # . # . . . . . . . . . . . # . . . . . . . . . # . . . . . . . . . . . . . . . . # . . # . # . # . # . # . . # . # . . . . . # . . . # . # . # . # . # . . . . . . . # . . . . . . . . # . . # . . . . . . . . . . 
. . . . . . . . . . . . . . . . . . . . . . . . . . . . . # . . . . . . . # . . . . . # . . . . . # . . # . . . . . # . . . # . . . # . # . . . . . . . . . . . . . . . . . . . . . . . . . . . # . . . . . . . . . . . # . # . . . . . # . # . . . . . . . . . . # . . . . . . . 
. . . . . . . . . . . . . . . . . . . . . . . . . . . . . . . # . # . # . . . # . # . . . . # . . . . . . . . # . . . . # . . . # . . . . . # . # . # . . . . # . . . . . # . . . . . # . # . . . . . . . # . # . # . . . . . . # . . . . . . . . # . . # . . # . . . . . . . . . 
. . . . . . . . . . . . . . . . . . . . . . . . . . . . . . . . . . . . . . . . . . . . # . . . . # . # . . . . . # . . . . . . . . # . . . . . . . . . . # . . . . . . . . . # . # . . . . . . . . . . . . . . . . . # . . . . . . . . . . . . . . . . . . . . . . # . . . . . . 
. . . . . . . . . . . . . . . . . . . . . . . . . . . . . . . . . . . . # . # . . . # . . . # . . . . . . # . # . . . . . # . # . . . . # . . # . # . # . . . # . # . # . . . . . . . # . . . . # . # . # . . # . . . . . . . # . . # . # . . # . # . . . # . . . . . . . . . . . 
. . . . . . . . . . . . . . . . . . . . . . . . . . . . . . . . . . . . . . . . # . . . . . . . # . . . . . . . . # . # . . . . . . . . . . . . . . . . . . . . . . . . . # . # . . . . . . . . . . . . . . . . . # . # . # . . . . . . . . . . . . . . . . . . # . . . . . . . . 
. . . . . . . . . . . . . . . . . . . . . . . . . . . . . . . . . . . . . . . . . . . . # . . . . . # . . . . . . . . . . . . . . . # . . . . # . # . . # . . . . # . # . . . . . . . # . # . . # . # . . # . . . . . . . . . # . # . # . . . # . # . # . . . . . . . . . . . . . 
. . . . . . . . . . . . . . . . . . . . . . . . . . . . . . . . . . . . . . . . . . . . . . . . # . . . # . # . # . # . # . # . # . . . # . . . . . . . . . . . . . . . . # . . . # . . . . . . . . . . . . . . . . . . . . . . . . . . . # . . . . . . . . . . # . . . . . . . . 
. . . . . . . . . . . . . . . . . . . . . . . . . . . . . . . . . . . . . . # . . # . . # . # . . . . . . . . . . . . . . . . . . . . . . . . # . # . . . # . # . . . . . . . . . . . . # . # . # . # . . . . # . . # . # . . . . . . . . . . . # . # . # . # . . . . . . . . . . 
. . . . . . . . . . . . . . . . . . . . . . . . . . . . . . . . . . . . . . . . . . . . . . . . . # . # . # . . . # . # . . . . . . # . . . . . . . . . . . . . . # . # . . # . . . . . . . . . . . . . # . . . . . . . . . # . # . . . # . . . . . . . . . . . . # . . . . . . . 
. . . . . . . . . . . . . . . . . . . . . . . . . . . . . . . . . . . . . . . . # . # . # . # . . . . . . . . # . . . . . # . . . . . . . # . # . . # . # . # . . . . . . . . . . . # . # . . . . . # . . . . # . . # . # . . . . . . . . . # . # . # . # . # . . . . . . . . . . 
. . . . . . . . . . . . . . . . . . . . . . . . . . . . . . . . . . . . . . . . . . . . . . . . . # . . . # . . . . . . . . . . . . . # . . . . . . . . . . . . # . # . . . # . . . . . . . . . . . . . . # . . . . . . . . # . . . # . . . . . . . . . . . . . . . . . . . . . . 
. . . . . . . . . . . . . . . . . . . . . . . . . . . . . . . . . . . . . . . . . . . . . . . . . . . # . . . . . # . . # . # . # . . . . . # . . . # . # . . . . . . . # . . . . # . . # . # . . # . # . . . . # . # . . . . . # . . . . # . # . . . . . . . . . . . . . . . . . 
. . . . . . . . . . . . . . . . . . . . . . . . . . . . . . . . . . . . . . . . . . . . . . . . . . . . . # . . . . . . . . . . . . # . # . . . . . . . . . # . . . . . . . . # . . . . . . . . . . . . . # . . . . . . . . # . . . . # . . . . . . # . . . . . . . . . . . . . . 
. . . . . . . . . . . . . . . . . . . . . . . . . . . . . . . . . . . . . . . . . . . . . . . . . . . . . . . . . . # . # . # . . . . . . . . # . # . . . . . . . # . . . # . . . . # . . . # . # . # . . . . . . . . . # . . . . # . . . . . . . . . . . . . . . . . . . . . . . 
. . . . . . . . . . . . . . . . . . . . . . . . . . . . . . . . . . . . . . . . . . . . . . . . . . . . . . . . . . . . . . . . # . . . . # . . . . . . . . . . . . . # . . . # . . . . # . . . . . . . # . # . . # . . . . . # . . . . . . . . # . . . . . . . . . . . . . . . . 
. . . . . . . . . . . . . . . . . . . . . . . . . . . . . . . . . . . . . . . . . . . . . . . . . . . . . . . . . . . # . . # . . . # . . . . # . . . # . # . # . # . . . . . . . . # . . . . . . . # . . . . . . . . . . . . . . . # . . . . . . . . # . . . . . . . . . . . . . 
. . . . . . . . . . . . . . . . . . . . . . . . . . . . . . . . . . . . . . . . . . . . . . . . . . . . . . . . . . . . . . . . . . . . . # . . . # . . . . . . . . . . # . . . # . . . # . # . # . . . # . . # . # . # . . # . # . . . . # . # . . . . . . . . . . . . . . . . . 
. . . . . . . . . . . . . . . . . . . . . . . . . . . . . . . . . . . . . . . . . . . . . . . . . . . . . . . . . . . . . . . # . # . # . . . . . . . . # . # . . # . . . . . . . . . . . . . . . . # . . . . . . . . . . . . . . . # . . . . . . . . . . . . . . . . . . . . . . 
. . . . . . . . . . . . . . . . . . . . . . . . . . . . . . . . . . . . . . . . . . . . . . . . . . . . . . . . . . . . . . . . . . . . . # . . # . # . . . . . . . . . . # . . . . . # . # . . . . . . # . # . # . . . # . . . . . . . . . . . . . . . . . . . . . . . . . . . . 
. . . . . . . . . . . . . . . . . . . . . . . . . . . . . . . . . . . . . . . . . . . . . . . . . . . . . . . . . . . . . . . . . . . . . . . . . . . . . . . . . . # . . . . # . # . . . . . . . . # . . . . . . . . . . . . # . # . . # . . . . . . . . . . . . . . . . . . . . 
. . . . . . . . . . . . . . . . . . . . . . . . . . . . . . . . . . . . . . . . . . . . . . . . . . . . . . . . . . . . . . . . . . . . # . . . . . . # . # . # . . . . . # . . . . . # . # . . . . . . # . . . . . . . . # . . . . . . . . . . . . . . . . . . . . . . . . . . . 
. . . . . . . . . . . . . . . . . . . . . . . . . . . . . . . . . . . . . . . . . . . . . . . . . . . . . . . . . . . . . . . . . . . . . . . . . # . . . . . . . # . . . . . # . # . . . . . . # . . . . . . . . # . . . . . # . . . . . . . . . . . . . . . . . . . . . . . . . 
. . . . . . . . . . . . . . . . . . . . . . . . . . . . . . . . . . . . . . . . . . . . . . . . . . . . . . . . . . . . . . . . . . . . . . . . . . . . . # . # . . . . # . . . . . . . # . . . . . # . # . . # . . . # . # . . . . . . . . . . . . . . . . . . . . . . . . . . . 
. . . . . . . . . . . . . . . . . . . . . . . . . . . . . . . . . . . . . . . . . . . . . . . . . . . . . . . . . . . . . . . . . . . . . . . . . . . . . . . . . . . . . . # . # . . . . . # . # . . . . . . . . # . . . . . . . . . . . . . . . . . . . . . . . . . . . . . . . 
. . . . . . . . . . . . . . . . . . . . . . . . . . . . . . . . . . . . . . . . . . . . . . . . . . . . . . . . . . . . . . . . . . . . . . . . . . . . . . . . . . # . . . . . . . . . . . . . . . . . . . . . . . . . . . . . . . . . . . . . . . . . . . . . . . . . . . . . . 
. . . . . . . . . . . . . . . . . . . . . . . . . . . . . . . . . . . . . . . . . . . . . . . . . . . . . . . . . . . . . . . . . . . . . . . . . . . . . . . . . . . . . . . . . . . . . . . . . . . . . . . # . . . . . . . . . . . . . . . . . . . . . . . . . . . . . . . . . 
