A global optimal path starting at (27,0) and ending at (20,77) has length 354.
.....................................................................................................
.....................................................................................................
.....................................................................................................
.....................................................................................................
.....................................................................................................
.....................................................................................................
.....................................................................................................
...........................................................................>>>>>v....................
..........................................................................>^....>>v..................
.........................................................................>^.......>v.................
........................................................................>^.>>>>>v..>v................
.......................................................................>^..^....>v..>v...............
.....................................................................>>^..>^.....>>v.>v..............
...................................................................>>^...>^..>>>v..v..>>>>v..........
..................................................................>^...>>^..>^..>v.>v.....>v.........
..................................................................^..>>^...>^....>v.>>>>v..v.........
..................................................................^..^..>>>^......v.....>v.v.........
..................................................................^..^..^.........>>>>v..v.v.........
..................................................................^..^..^.............v..v.v.........
..................................................................^..^..^.............v..v.v.........
..................................................................^..^..^....E<.......v..v.v.........
..................................................................^<.^<.^<..>>^......v<.v<.v.........
...................................................................^..^<.^<.^........v.v<..v.........
...................................................................^<..^<.^.^........v.v..v<.........
....................................................................^<..^.^.^<.......v.v..v..........
.....................................................................^..^.^..^<<<<<<<<.v..v..........
.....................................................................^..^.^............v..v..........
S>>>>>>>>v...........................................................^..^.^<...........v..v..........
.........>>>>>>>>>>>>>>>>>>v.........................................^..^..^<<<<<<<<<<<<..v..........
...........................v.........................................^..^.................v..........
...........................>v........................................^<.^<<..............v<..........
............................>>>>>>>>v.................................^...^<<<<<<<<<<<<<<<...........
....................................>>>v..............................^<.............................
.......................................>v..............................^<<<<<<<<<<<<<................
........................................>>>>>v......................................^................
.............................................>v.....................................^................
..............................................v.....................................^................
..............................................v.....................................^................
..............................................v.....................................^................
..............................................v.....................................^................
..............................................>>>>>>>>>>>>>>>>>>>>>>>>>>>>>>>>>>>>>>^................
