An optimal path starting at (20,0) and ending at (20,77) has length 361.
.....................................................................................................
.....................................................................................................
.....................................................................................................
.....................................................................................................
.....................................................................................................
.....................................................................................................
.....................................................................................................
...........................................................................>>>>>v....................
..........................................................................>^....>>v..................
.........................................................................>^.......>v.................
........................................................................>^.>>>>>v..>v................
.......................................................................>^..^....>v..>v...............
.....................................................................>>^..>^.....>>v.>v..............
...................................................................>>^...>^..>>>v..v..>>>>v..........
..................................................................>^...>>^..>^..>v.>v.....>v.........
..................................................................^..>>^...>^....>v.>>>>v..v.........
..................................................................^..^..>>>^......v.....>v.v.........
..................................................................^..^..^.........>>>>v..v.v.........
..................................................................^..^..^.............v..v.v.........
..................................................................^..^..^.............v..v.v.........
S.................................................................^..^..^....E<.......v..v.v.........
v.................................................................^<.^<.^<..>>^......v<.v<.v.........
v..................................................................^..^<.^<.^........v.v<..v.........
v..................................................................^<..^<.^.^........v.v..v<.........
v...................................................................^<..^.^.^<.......v.v..v..........
v....................................................................^..^.^..^<<<<<<<<.v..v..........
v....................................................................^..^.^............v..v..........
>>>>>>>>>v...........................................................^..^.^<...........v..v..........
.........>>>>>>>>>>>>>>>>>>v.........................................^..^..^<<<<<<<<<<<<..v..........
...........................v.........................................^..^.................v..........
...........................>v........................................^<.^<<..............v<..........
............................>>>>>>>>v.................................^...^<<<<<<<<<<<<<<<...........
....................................>>>v..............................^<.............................
.......................................>v..............................^<<<<<<<<<<<<<................
........................................>>>>>v......................................^................
.............................................>v.....................................^................
..............................................v.....................................^................
..............................................v.....................................^................
..............................................v.....................................^................
..............................................v.....................................^................
..............................................>>>>>>>>>>>>>>>>>>>>>>>>>>>>>>>>>>>>>>^................

