[STOPPED] cycle = 0 X = 1 signal = 0
[RUNNING] cycle = 1 X = 1 signal = 1 [NOOP]
[RUNNING] cycle = 2 X = 1 signal = 2 [NOOP]
[RUNNING] cycle = 3 X = 1 signal = 3 [NOOP]
[RUNNING] cycle = 4 X = 1 signal = 4 [ADDX 5] [1/2]
[RUNNING] cycle = 5 X = 1 signal = 5 [ADDX 5] [2/2]
[RUNNING] cycle = 6 X = 6 signal = 36 [NOOP]
[RUNNING] cycle = 7 X = 6 signal = 42 [ADDX 1] [1/2]
[RUNNING] cycle = 8 X = 6 signal = 48 [ADDX 1] [2/2]
[RUNNING] cycle = 9 X = 7 signal = 63 [ADDX 2] [1/2]
[RUNNING] cycle = 10 X = 7 signal = 70 [ADDX 2] [2/2]
[RUNNING] cycle = 11 X = 9 signal = 99 [ADDX 5] [1/2]
[RUNNING] cycle = 12 X = 9 signal = 108 [ADDX 5] [2/2]
[RUNNING] cycle = 13 X = 14 signal = 182 [ADDX 2] [1/2]
[RUNNING] cycle = 14 X = 14 signal = 196 [ADDX 2] [2/2]
[RUNNING] cycle = 15 X = 16 signal = 240 [ADDX 1] [1/2]
[RUNNING] cycle = 16 X = 16 signal = 256 [ADDX 1] [2/2]
[RUNNING] cycle = 17 X = 17 signal = 289 [NOOP]
[RUNNING] cycle = 18 X = 17 signal = 306 [ADDX 5] [1/2]
[RUNNING] cycle = 19 X = 17 signal = 323 [ADDX 5] [2/2]
[RUNNING] cycle = 20 X = 22 signal = 440 [NOOP]
[RUNNING] cycle = 21 X = 22 signal = 462 [ADDX -1] [1/2]
[RUNNING] cycle = 22 X = 22 signal = 484 [ADDX -1] [2/2]
[RUNNING] cycle = 23 X = 21 signal = 483 [NOOP]
[RUNNING] cycle = 24 X = 21 signal = 504 [ADDX 5] [1/2]
[RUNNING] cycle = 25 X = 21 signal = 525 [ADDX 5] [2/2]
[RUNNING] cycle = 26 X = 26 signal = 676 [NOOP]
[RUNNING] cycle = 27 X = 26 signal = 702 [NOOP]
[RUNNING] cycle = 28 X = 26 signal = 728 [ADDX 5] [1/2]
[RUNNING] cycle = 29 X = 26 signal = 754 [ADDX 5] [2/2]
[RUNNING] cycle = 30 X = 31 signal = 930 [ADDX 1] [1/2]
[RUNNING] cycle = 31 X = 31 signal = 961 [ADDX 1] [2/2]
[RUNNING] cycle = 32 X = 32 signal = 1024 [NOOP]
[RUNNING] cycle = 33 X = 32 signal = 1056 [NOOP]
[RUNNING] cycle = 34 X = 32 signal = 1088 [ADDX 3] [1/2]
[RUNNING] cycle = 35 X = 32 signal = 1120 [ADDX 3] [2/2]
[RUNNING] cycle = 36 X = 35 signal = 1260 [ADDX 2] [1/2]
[RUNNING] cycle = 37 X = 35 signal = 1295 [ADDX 2] [2/2]
[RUNNING] cycle = 38 X = 37 signal = 1406 [NOOP]
[RUNNING] cycle = 39 X = 37 signal = 1443 [ADDX -38] [1/2]
[RUNNING] cycle = 40 X = 37 signal = 1480 [ADDX -38] [2/2]
[RUNNING] cycle = 41 X = -1 signal = -41 [NOOP]
[RUNNING] cycle = 42 X = -1 signal = -42 [ADDX 3] [1/2]
[RUNNING] cycle = 43 X = -1 signal = -43 [ADDX 3] [2/2]
[RUNNING] cycle = 44 X = 2 signal = 88 [ADDX 2] [1/2]
[RUNNING] cycle = 45 X = 2 signal = 90 [ADDX 2] [2/2]
[RUNNING] cycle = 46 X = 4 signal = 184 [ADDX -5] [1/2]
[RUNNING] cycle = 47 X = 4 signal = 188 [ADDX -5] [2/2]
[RUNNING] cycle = 48 X = -1 signal = -48 [ADDX 12] [1/2]
[RUNNING] cycle = 49 X = -1 signal = -49 [ADDX 12] [2/2]
[RUNNING] cycle = 50 X = 11 signal = 550 [ADDX 2] [1/2]
[RUNNING] cycle = 51 X = 11 signal = 561 [ADDX 2] [2/2]
[RUNNING] cycle = 52 X = 13 signal = 676 [ADDX 27] [1/2]
[RUNNING] cycle = 53 X = 13 signal = 689 [ADDX 27] [2/2]
[RUNNING] cycle = 54 X = 40 signal = 2160 [ADDX -40] [1/2]
[RUNNING] cycle = 55 X = 40 signal = 2200 [ADDX -40] [2/2]
[RUNNING] cycle = 56 X = 0 signal = 0 [ADDX 19] [1/2]
[RUNNING] cycle = 57 X = 0 signal = 0 [ADDX 19] [2/2]
[RUNNING] cycle = 58 X = 19 signal = 1102 [ADDX 2] [1/2]
[RUNNING] cycle = 59 X = 19 signal = 1121 [ADDX 2] [2/2]
[RUNNING] cycle = 60 X = 21 signal = 1260 [ADDX 19] [1/2]
[RUNNING] cycle = 61 X = 21 signal = 1281 [ADDX 19] [2/2]
[RUNNING] cycle = 62 X = 40 signal = 2480 [ADDX -18] [1/2]
[RUNNING] cycle = 63 X = 40 signal = 2520 [ADDX -18] [2/2]
[RUNNING] cycle = 64 X = 22 signal = 1408 [ADDX 2] [1/2]
[RUNNING] cycle = 65 X = 22 signal = 1430 [ADDX 2] [2/2]
[RUNNING] cycle = 66 X = 24 signal = 1584 [ADDX 5] [1/2]
[RUNNING] cycle = 67 X = 24 signal = 1608 [ADDX 5] [2/2]
[RUNNING] cycle = 68 X = 29 signal = 1972 [ADDX 2] [1/2]
[RUNNING] cycle = 69 X = 29 signal = 2001 [ADDX 2] [2/2]
[RUNNING] cycle = 70 X = 31 signal = 2170 [ADDX -23] [1/2]
[RUNNING] cycle = 71 X = 31 signal = 2201 [ADDX -23] [2/2]
[RUNNING] cycle = 72 X = 8 signal = 576 [ADDX 22] [1/2]
[RUNNING] cycle = 73 X = 8 signal = 584 [ADDX 22] [2/2]
[RUNNING] cycle = 74 X = 30 signal = 2220 [ADDX 4] [1/2]
[RUNNING] cycle = 75 X = 30 signal = 2250 [ADDX 4] [2/2]
[RUNNING] cycle = 76 X = 34 signal = 2584 [ADDX -34] [1/2]
[RUNNING] cycle = 77 X = 34 signal = 2618 [ADDX -34] [2/2]
[RUNNING] cycle = 78 X = 0 signal = 0 [ADDX -1] [1/2]
[RUNNING] cycle = 79 X = 0 signal = 0 [ADDX -1] [2/2]
[RUNNING] cycle = 80 X = -1 signal = -80 [ADDX 5] [1/2]
[RUNNING] cycle = 81 X = -1 signal = -81 [ADDX 5] [2/2]
[RUNNING] cycle = 82 X = 4 signal = 328 [NOOP]
[RUNNING] cycle = 83 X = 4 signal = 332 [ADDX 2] [1/2]
[RUNNING] cycle = 84 X = 4 signal = 336 [ADDX 2] [2/2]
[RUNNING] cycle = 85 X = 6 signal = 510 [ADDX 1] [1/2]
[RUNNING] cycle = 86 X = 6 signal = 516 [ADDX 1] [2/2]
[RUNNING] cycle = 87 X = 7 signal = 609 [ADDX 20] [1/2]
[RUNNING] cycle = 88 X = 7 signal = 616 [ADDX 20] [2/2]
[RUNNING] cycle = 89 X = 27 signal = 2403 [ADDX -17] [1/2]
[RUNNING] cycle = 90 X = 27 signal = 2430 [ADDX -17] [2/2]
[RUNNING] cycle = 91 X = 10 signal = 910 [NOOP]
[RUNNING] cycle = 92 X = 10 signal = 920 [ADDX 25] [1/2]
[RUNNING] cycle = 93 X = 10 signal = 930 [ADDX 25] [2/2]
[RUNNING] cycle = 94 X = 35 signal = 3290 [ADDX -17] [1/2]
[RUNNING] cycle = 95 X = 35 signal = 3325 [ADDX -17] [2/2]
[RUNNING] cycle = 96 X = 18 signal = 1728 [ADDX -2] [1/2]
[RUNNING] cycle = 97 X = 18 signal = 1746 [ADDX -2] [2/2]
[RUNNING] cycle = 98 X = 16 signal = 1568 [NOOP]
[RUNNING] cycle = 99 X = 16 signal = 1584 [ADDX 3] [1/2]
[RUNNING] cycle = 100 X = 16 signal = 1600 [ADDX 3] [2/2]
[RUNNING] cycle = 101 X = 19 signal = 1919 [ADDX 19] [1/2]
[RUNNING] cycle = 102 X = 19 signal = 1938 [ADDX 19] [2/2]
[RUNNING] cycle = 103 X = 38 signal = 3914 [ADDX -12] [1/2]
[RUNNING] cycle = 104 X = 38 signal = 3952 [ADDX -12] [2/2]
[RUNNING] cycle = 105 X = 26 signal = 2730 [ADDX 3] [1/2]
[RUNNING] cycle = 106 X = 26 signal = 2756 [ADDX 3] [2/2]
[RUNNING] cycle = 107 X = 29 signal = 3103 [ADDX -2] [1/2]
[RUNNING] cycle = 108 X = 29 signal = 3132 [ADDX -2] [2/2]
[RUNNING] cycle = 109 X = 27 signal = 2943 [ADDX 3] [1/2]
[RUNNING] cycle = 110 X = 27 signal = 2970 [ADDX 3] [2/2]
[RUNNING] cycle = 111 X = 30 signal = 3330 [ADDX 1] [1/2]
[RUNNING] cycle = 112 X = 30 signal = 3360 [ADDX 1] [2/2]
[RUNNING] cycle = 113 X = 31 signal = 3503 [NOOP]
[RUNNING] cycle = 114 X = 31 signal = 3534 [ADDX 5] [1/2]
[RUNNING] cycle = 115 X = 31 signal = 3565 [ADDX 5] [2/2]
[RUNNING] cycle = 116 X = 36 signal = 4176 [NOOP]
[RUNNING] cycle = 117 X = 36 signal = 4212 [NOOP]
[RUNNING] cycle = 118 X = 36 signal = 4248 [ADDX -37] [1/2]
[RUNNING] cycle = 119 X = 36 signal = 4284 [ADDX -37] [2/2]
[RUNNING] cycle = 120 X = -1 signal = -120 [ADDX 3] [1/2]
[RUNNING] cycle = 121 X = -1 signal = -121 [ADDX 3] [2/2]
[RUNNING] cycle = 122 X = 2 signal = 244 [ADDX 4] [1/2]
[RUNNING] cycle = 123 X = 2 signal = 246 [ADDX 4] [2/2]
[RUNNING] cycle = 124 X = 6 signal = 744 [NOOP]
[RUNNING] cycle = 125 X = 6 signal = 750 [ADDX 24] [1/2]
[RUNNING] cycle = 126 X = 6 signal = 756 [ADDX 24] [2/2]
[RUNNING] cycle = 127 X = 30 signal = 3810 [ADDX -6] [1/2]
[RUNNING] cycle = 128 X = 30 signal = 3840 [ADDX -6] [2/2]
[RUNNING] cycle = 129 X = 24 signal = 3096 [ADDX -15] [1/2]
[RUNNING] cycle = 130 X = 24 signal = 3120 [ADDX -15] [2/2]
[RUNNING] cycle = 131 X = 9 signal = 1179 [ADDX 2] [1/2]
[RUNNING] cycle = 132 X = 9 signal = 1188 [ADDX 2] [2/2]
[RUNNING] cycle = 133 X = 11 signal = 1463 [NOOP]
[RUNNING] cycle = 134 X = 11 signal = 1474 [ADDX 6] [1/2]
[RUNNING] cycle = 135 X = 11 signal = 1485 [ADDX 6] [2/2]
[RUNNING] cycle = 136 X = 17 signal = 2312 [ADDX -2] [1/2]
[RUNNING] cycle = 137 X = 17 signal = 2329 [ADDX -2] [2/2]
[RUNNING] cycle = 138 X = 15 signal = 2070 [ADDX 6] [1/2]
[RUNNING] cycle = 139 X = 15 signal = 2085 [ADDX 6] [2/2]
[RUNNING] cycle = 140 X = 21 signal = 2940 [ADDX -12] [1/2]
[RUNNING] cycle = 141 X = 21 signal = 2961 [ADDX -12] [2/2]
[RUNNING] cycle = 142 X = 9 signal = 1278 [ADDX -2] [1/2]
[RUNNING] cycle = 143 X = 9 signal = 1287 [ADDX -2] [2/2]
[RUNNING] cycle = 144 X = 7 signal = 1008 [ADDX 19] [1/2]
[RUNNING] cycle = 145 X = 7 signal = 1015 [ADDX 19] [2/2]
[RUNNING] cycle = 146 X = 26 signal = 3796 [NOOP]
[RUNNING] cycle = 147 X = 26 signal = 3822 [NOOP]
[RUNNING] cycle = 148 X = 26 signal = 3848 [NOOP]
[RUNNING] cycle = 149 X = 26 signal = 3874 [ADDX 3] [1/2]
[RUNNING] cycle = 150 X = 26 signal = 3900 [ADDX 3] [2/2]
[RUNNING] cycle = 151 X = 29 signal = 4379 [NOOP]
[RUNNING] cycle = 152 X = 29 signal = 4408 [ADDX 7] [1/2]
[RUNNING] cycle = 153 X = 29 signal = 4437 [ADDX 7] [2/2]
[RUNNING] cycle = 154 X = 36 signal = 5544 [ADDX -2] [1/2]
[RUNNING] cycle = 155 X = 36 signal = 5580 [ADDX -2] [2/2]
[RUNNING] cycle = 156 X = 34 signal = 5304 [ADDX -24] [1/2]
[RUNNING] cycle = 157 X = 34 signal = 5338 [ADDX -24] [2/2]
[RUNNING] cycle = 158 X = 10 signal = 1580 [ADDX -11] [1/2]
[RUNNING] cycle = 159 X = 10 signal = 1590 [ADDX -11] [2/2]
[RUNNING] cycle = 160 X = -1 signal = -160 [ADDX 4] [1/2]
[RUNNING] cycle = 161 X = -1 signal = -161 [ADDX 4] [2/2]
[RUNNING] cycle = 162 X = 3 signal = 486 [ADDX 3] [1/2]
[RUNNING] cycle = 163 X = 3 signal = 489 [ADDX 3] [2/2]
[RUNNING] cycle = 164 X = 6 signal = 984 [ADDX -2] [1/2]
[RUNNING] cycle = 165 X = 6 signal = 990 [ADDX -2] [2/2]
[RUNNING] cycle = 166 X = 4 signal = 664 [NOOP]
[RUNNING] cycle = 167 X = 4 signal = 668 [ADDX 7] [1/2]
[RUNNING] cycle = 168 X = 4 signal = 672 [ADDX 7] [2/2]
[RUNNING] cycle = 169 X = 11 signal = 1859 [ADDX -2] [1/2]
[RUNNING] cycle = 170 X = 11 signal = 1870 [ADDX -2] [2/2]
[RUNNING] cycle = 171 X = 9 signal = 1539 [ADDX 2] [1/2]
[RUNNING] cycle = 172 X = 9 signal = 1548 [ADDX 2] [2/2]
[RUNNING] cycle = 173 X = 11 signal = 1903 [NOOP]
[RUNNING] cycle = 174 X = 11 signal = 1914 [ADDX 3] [1/2]
[RUNNING] cycle = 175 X = 11 signal = 1925 [ADDX 3] [2/2]
[RUNNING] cycle = 176 X = 14 signal = 2464 [ADDX 7] [1/2]
[RUNNING] cycle = 177 X = 14 signal = 2478 [ADDX 7] [2/2]
[RUNNING] cycle = 178 X = 21 signal = 3738 [NOOP]
[RUNNING] cycle = 179 X = 21 signal = 3759 [ADDX -2] [1/2]
[RUNNING] cycle = 180 X = 21 signal = 3780 [ADDX -2] [2/2]
[RUNNING] cycle = 181 X = 19 signal = 3439 [ADDX 5] [1/2]
[RUNNING] cycle = 182 X = 19 signal = 3458 [ADDX 5] [2/2]
[RUNNING] cycle = 183 X = 24 signal = 4392 [ADDX 2] [1/2]
[RUNNING] cycle = 184 X = 24 signal = 4416 [ADDX 2] [2/2]
[RUNNING] cycle = 185 X = 26 signal = 4810 [ADDX 5] [1/2]
[RUNNING] cycle = 186 X = 26 signal = 4836 [ADDX 5] [2/2]
[RUNNING] cycle = 187 X = 31 signal = 5797 [NOOP]
[RUNNING] cycle = 188 X = 31 signal = 5828 [NOOP]
[RUNNING] cycle = 189 X = 31 signal = 5859 [NOOP]
[RUNNING] cycle = 190 X = 31 signal = 5890 [ADDX 3] [1/2]
[RUNNING] cycle = 191 X = 31 signal = 5921 [ADDX 3] [2/2]
[RUNNING] cycle = 192 X = 34 signal = 6528 [ADDX -35] [1/2]
[RUNNING] cycle = 193 X = 34 signal = 6562 [ADDX -35] [2/2]
[RUNNING] cycle = 194 X = -1 signal = -194 [ADDX 35] [1/2]
[RUNNING] cycle = 195 X = -1 signal = -195 [ADDX 35] [2/2]
[RUNNING] cycle = 196 X = 34 signal = 6664 [ADDX -21] [1/2]
[RUNNING] cycle = 197 X = 34 signal = 6698 [ADDX -21] [2/2]
[RUNNING] cycle = 198 X = 13 signal = 2574 [ADDX -14] [1/2]
[RUNNING] cycle = 199 X = 13 signal = 2587 [ADDX -14] [2/2]
[RUNNING] cycle = 200 X = -1 signal = -200 [NOOP]
[RUNNING] cycle = 201 X = -1 signal = -201 [ADDX 5] [1/2]
[RUNNING] cycle = 202 X = -1 signal = -202 [ADDX 5] [2/2]
[RUNNING] cycle = 203 X = 4 signal = 812 [ADDX 2] [1/2]
[RUNNING] cycle = 204 X = 4 signal = 816 [ADDX 2] [2/2]
[RUNNING] cycle = 205 X = 6 signal = 1230 [ADDX 33] [1/2]
[RUNNING] cycle = 206 X = 6 signal = 1236 [ADDX 33] [2/2]
[RUNNING] cycle = 207 X = 39 signal = 8073 [ADDX -7] [1/2]
[RUNNING] cycle = 208 X = 39 signal = 8112 [ADDX -7] [2/2]
[RUNNING] cycle = 209 X = 32 signal = 6688 [ADDX -23] [1/2]
[RUNNING] cycle = 210 X = 32 signal = 6720 [ADDX -23] [2/2]
[RUNNING] cycle = 211 X = 9 signal = 1899 [ADDX 5] [1/2]
[RUNNING] cycle = 212 X = 9 signal = 1908 [ADDX 5] [2/2]
[RUNNING] cycle = 213 X = 14 signal = 2982 [ADDX 2] [1/2]
[RUNNING] cycle = 214 X = 14 signal = 2996 [ADDX 2] [2/2]
[RUNNING] cycle = 215 X = 16 signal = 3440 [ADDX 1] [1/2]
[RUNNING] cycle = 216 X = 16 signal = 3456 [ADDX 1] [2/2]
[RUNNING] cycle = 217 X = 17 signal = 3689 [NOOP]
[RUNNING] cycle = 218 X = 17 signal = 3706 [NOOP]
[RUNNING] cycle = 219 X = 17 signal = 3723 [ADDX 5] [1/2]
[RUNNING] cycle = 220 X = 17 signal = 3740 [ADDX 5] [2/2]
[RUNNING] cycle = 221 X = 22 signal = 4862 [ADDX -1] [1/2]
[RUNNING] cycle = 222 X = 22 signal = 4884 [ADDX -1] [2/2]
[RUNNING] cycle = 223 X = 21 signal = 4683 [NOOP]
[RUNNING] cycle = 224 X = 21 signal = 4704 [ADDX 3] [1/2]
[RUNNING] cycle = 225 X = 21 signal = 4725 [ADDX 3] [2/2]
[RUNNING] cycle = 226 X = 24 signal = 5424 [ADDX -23] [1/2]
[RUNNING] cycle = 227 X = 24 signal = 5448 [ADDX -23] [2/2]
[RUNNING] cycle = 228 X = 1 signal = 228 [ADDX 30] [1/2]
[RUNNING] cycle = 229 X = 1 signal = 229 [ADDX 30] [2/2]
[RUNNING] cycle = 230 X = 31 signal = 7130 [ADDX 1] [1/2]
[RUNNING] cycle = 231 X = 31 signal = 7161 [ADDX 1] [2/2]
[RUNNING] cycle = 232 X = 32 signal = 7424 [NOOP]
[RUNNING] cycle = 233 X = 32 signal = 7456 [ADDX 4] [1/2]
[RUNNING] cycle = 234 X = 32 signal = 7488 [ADDX 4] [2/2]
[RUNNING] cycle = 235 X = 36 signal = 8460 [ADDX -17] [1/2]
[RUNNING] cycle = 236 X = 36 signal = 8496 [ADDX -17] [2/2]
[RUNNING] cycle = 237 X = 19 signal = 4503 [ADDX 11] [1/2]
[RUNNING] cycle = 238 X = 19 signal = 4522 [ADDX 11] [2/2]
[RUNNING] cycle = 239 X = 30 signal = 7170 [NOOP]
[RUNNING] cycle = 240 X = 30 signal = 7200 [NOOP]
[ HALTED] cycle = 240 X = 30 signal = 7200
